2025-02-25 15:32:31,776 INFO o.a.j.u.JMeterUtils: Setting Locale to en_EN
2025-02-25 15:32:31,807 INFO o.a.j.JMeter: Loading user properties from: C:\apache-jmeter-5.6.2\bin\user.properties
2025-02-25 15:32:31,807 INFO o.a.j.JMeter: Loading system properties from: C:\apache-jmeter-5.6.2\bin\system.properties
2025-02-25 15:32:31,817 INFO o.a.j.JMeter: Setting JMeter property: user=2
2025-02-25 15:32:31,817 INFO o.a.j.JMeter: Setting JMeter property: rampup=1
2025-02-25 15:32:31,826 INFO o.a.j.JMeter: Copyright (c) 1998-2023 The Apache Software Foundation
2025-02-25 15:32:31,826 INFO o.a.j.JMeter: Version 5.6.2
2025-02-25 15:32:31,826 INFO o.a.j.JMeter: java.version=15
2025-02-25 15:32:31,826 INFO o.a.j.JMeter: java.vm.name=Java HotSpot(TM) 64-Bit Server VM
2025-02-25 15:32:31,826 INFO o.a.j.JMeter: os.name=Windows Server 2019
2025-02-25 15:32:31,826 INFO o.a.j.JMeter: os.arch=amd64
2025-02-25 15:32:31,826 INFO o.a.j.JMeter: os.version=10.0
2025-02-25 15:32:31,826 INFO o.a.j.JMeter: file.encoding=Cp1252
2025-02-25 15:32:31,827 INFO o.a.j.JMeter: java.awt.headless=true
2025-02-25 15:32:31,827 INFO o.a.j.JMeter: Max memory     =1073741824
2025-02-25 15:32:31,827 INFO o.a.j.JMeter: Available Processors =8
2025-02-25 15:32:31,841 INFO o.a.j.JMeter: Default Locale=English (EN)
2025-02-25 15:32:31,842 INFO o.a.j.JMeter: JMeter  Locale=English (EN)
2025-02-25 15:32:31,842 INFO o.a.j.JMeter: JMeterHome=C:\apache-jmeter-5.6.2
2025-02-25 15:32:31,842 INFO o.a.j.JMeter: user.dir  =C:\New folder\templateJmeter
2025-02-25 15:32:31,843 INFO o.a.j.JMeter: PWD       =C:\New folder\templateJmeter
2025-02-25 15:32:31,844 INFO o.a.j.JMeter: IP: 10.0.0.1 Name: SQA-Loadtest01 FullName: SQA-Loadtest01
2025-02-25 15:32:31,862 INFO o.a.j.JMeter: Setting property 'jmeter.reportgenerator.outputdir' to:'C:\New folder\templateJmeter\report\25-02-25\template-2-1'
2025-02-25 15:32:31,866 INFO o.a.j.s.FileServer: Default base='C:\New folder\templateJmeter'
2025-02-25 15:32:31,869 INFO o.a.j.s.FileServer: Set new base='C:\New folder\templateJmeter\.\main'
2025-02-25 15:32:32,091 INFO o.a.j.s.SaveService: Testplan (JMX) version: 2.2. Testlog (JTL) version: 2.2
2025-02-25 15:32:32,129 INFO o.a.j.s.SaveService: Using SaveService properties version 5.0
2025-02-25 15:32:32,134 INFO o.a.j.s.SaveService: Using SaveService properties file encoding UTF-8
2025-02-25 15:32:32,141 INFO o.a.j.s.SaveService: Loading file: .\main\script.jmx
2025-02-25 15:32:32,225 INFO o.a.j.p.h.s.HTTPSamplerBase: Parser for text/html is org.apache.jmeter.protocol.http.parser.LagartoBasedHtmlParser
2025-02-25 15:32:32,225 INFO o.a.j.p.h.s.HTTPSamplerBase: Parser for application/xhtml+xml is org.apache.jmeter.protocol.http.parser.LagartoBasedHtmlParser
2025-02-25 15:32:32,226 INFO o.a.j.p.h.s.HTTPSamplerBase: Parser for application/xml is org.apache.jmeter.protocol.http.parser.LagartoBasedHtmlParser
2025-02-25 15:32:32,226 INFO o.a.j.p.h.s.HTTPSamplerBase: Parser for text/xml is org.apache.jmeter.protocol.http.parser.LagartoBasedHtmlParser
2025-02-25 15:32:32,226 INFO o.a.j.p.h.s.HTTPSamplerBase: Parser for text/vnd.wap.wml is org.apache.jmeter.protocol.http.parser.RegexpHTMLParser
2025-02-25 15:32:32,226 INFO o.a.j.p.h.s.HTTPSamplerBase: Parser for text/css is org.apache.jmeter.protocol.http.parser.CssParser
2025-02-25 15:32:32,255 INFO o.a.j.JMeter: Creating summariser <summary>
2025-02-25 15:32:32,262 INFO o.a.j.r.d.ReportGenerator: ReportGenerator will use for Parsing the separator: ','
2025-02-25 15:32:32,262 INFO o.a.j.r.d.ReportGenerator: Will generate report at end of test from  results file: report/25-02-25/template-2-1/results.jtl
2025-02-25 15:32:32,262 INFO o.a.j.r.d.ReportGenerator: Reading report generator properties from: C:\apache-jmeter-5.6.2\bin\reportgenerator.properties
2025-02-25 15:32:32,264 INFO o.a.j.r.d.ReportGenerator: Merging with JMeter properties
2025-02-25 15:32:32,270 INFO o.a.j.r.c.ReportGeneratorConfiguration: Property 'jmeter.reportgenerator.temp_dir' not found, using default value 'temp' instead.
2025-02-25 15:32:32,274 INFO o.a.j.r.c.ReportGeneratorConfiguration: Property 'jmeter.reportgenerator.apdex_per_transaction' not found, using default value 'null' instead.
2025-02-25 15:32:32,274 INFO o.a.j.r.c.ReportGeneratorConfiguration: apdex_per_transaction is empty, not APDEX per transaction customization
2025-02-25 15:32:32,274 INFO o.a.j.r.c.ReportGeneratorConfiguration: Property 'jmeter.reportgenerator.sample_filter' not found, using default value 'null' instead.
2025-02-25 15:32:32,274 INFO o.a.j.r.c.ReportGeneratorConfiguration: Property 'jmeter.reportgenerator.report_title' not found, using default value 'null' instead.
2025-02-25 15:32:32,274 INFO o.a.j.r.c.ReportGeneratorConfiguration: Property 'jmeter.reportgenerator.start_date' not found, using default value 'null' instead.
2025-02-25 15:32:32,274 INFO o.a.j.r.c.ReportGeneratorConfiguration: Property 'jmeter.reportgenerator.end_date' not found, using default value 'null' instead.
2025-02-25 15:32:32,274 INFO o.a.j.r.c.ReportGeneratorConfiguration: Property 'jmeter.reportgenerator.date_format' not found, using default value 'null' instead.
2025-02-25 15:32:32,274 INFO o.a.j.r.c.ReportGeneratorConfiguration: Will use date range start date: null, end date: null
2025-02-25 15:32:32,280 INFO o.a.j.r.c.ReportGeneratorConfiguration: Property 'jmeter.reportgenerator.graph.totalTPS.exclude_controllers' not found, using default value 'false' instead.
2025-02-25 15:32:32,281 INFO o.a.j.r.c.ReportGeneratorConfiguration: Property 'jmeter.reportgenerator.graph.activeThreadsOverTime.exclude_controllers' not found, using default value 'false' instead.
2025-02-25 15:32:32,281 INFO o.a.j.r.c.ReportGeneratorConfiguration: Property 'jmeter.reportgenerator.graph.timeVsThreads.exclude_controllers' not found, using default value 'false' instead.
2025-02-25 15:32:32,281 INFO o.a.j.r.c.ReportGeneratorConfiguration: Property 'jmeter.reportgenerator.graph.responseTimeDistribution.exclude_controllers' not found, using default value 'false' instead.
2025-02-25 15:32:32,281 INFO o.a.j.r.c.ReportGeneratorConfiguration: Property 'jmeter.reportgenerator.graph.transactionsPerSecond.exclude_controllers' not found, using default value 'false' instead.
2025-02-25 15:32:32,281 INFO o.a.j.r.c.ReportGeneratorConfiguration: Property 'jmeter.reportgenerator.graph.responseTimePercentiles.exclude_controllers' not found, using default value 'false' instead.
2025-02-25 15:32:32,281 INFO o.a.j.r.c.ReportGeneratorConfiguration: Property 'jmeter.reportgenerator.graph.responseTimePercentilesOverTime.exclude_controllers' not found, using default value 'false' instead.
2025-02-25 15:32:32,281 INFO o.a.j.r.c.ReportGeneratorConfiguration: Property 'jmeter.reportgenerator.graph.responseTimesOverTime.exclude_controllers' not found, using default value 'false' instead.
2025-02-25 15:32:32,282 INFO o.a.j.r.c.ReportGeneratorConfiguration: Property 'jmeter.reportgenerator.graph.connectTimeOverTime.exclude_controllers' not found, using default value 'false' instead.
2025-02-25 15:32:32,282 INFO o.a.j.r.c.ReportGeneratorConfiguration: Property 'jmeter.reportgenerator.graph.latenciesOverTime.exclude_controllers' not found, using default value 'false' instead.
2025-02-25 15:32:32,283 INFO o.a.j.r.c.ReportGeneratorConfiguration: Property 'jmeter.reportgenerator.exporter.json.filters_only_sample_series' not found, using default value 'true' instead.
2025-02-25 15:32:32,283 INFO o.a.j.r.c.ReportGeneratorConfiguration: Property 'jmeter.reportgenerator.exporter.json.series_filter' not found, using default value '' instead.
2025-02-25 15:32:32,284 INFO o.a.j.r.c.ReportGeneratorConfiguration: Property 'jmeter.reportgenerator.exporter.json.show_controllers_only' not found, using default value 'false' instead.
2025-02-25 15:32:32,284 INFO o.a.j.r.c.ReportGeneratorConfiguration: Property 'jmeter.reportgenerator.exporter.html.filters_only_sample_series' not found, using default value 'true' instead.
2025-02-25 15:32:32,284 INFO o.a.j.r.c.ReportGeneratorConfiguration: Property 'jmeter.reportgenerator.exporter.html.series_filter' not found, using default value '' instead.
2025-02-25 15:32:32,284 INFO o.a.j.r.c.ReportGeneratorConfiguration: Property 'jmeter.reportgenerator.exporter.html.show_controllers_only' not found, using default value 'false' instead.
2025-02-25 15:32:32,304 INFO o.a.j.e.StandardJMeterEngine: Running the test!
2025-02-25 15:32:32,305 INFO o.a.j.s.SampleEvent: List of sample_variables: []
2025-02-25 15:32:32,305 INFO o.a.j.s.SampleEvent: List of sample_variables: []
2025-02-25 15:32:32,312 INFO o.a.j.e.u.CompoundVariable: Note: Function class names must contain the string: '.functions.'
2025-02-25 15:32:32,312 INFO o.a.j.e.u.CompoundVariable: Note: Function class names must not contain the string: '.gui.'
2025-02-25 15:32:32,431 INFO o.a.j.JMeter: Running test (1740472352431)
2025-02-25 15:32:32,451 INFO o.a.j.e.StandardJMeterEngine: Starting ThreadGroup: 1 : Thread Group
2025-02-25 15:32:32,452 INFO o.a.j.e.StandardJMeterEngine: Starting 2 threads for group Thread Group.
2025-02-25 15:32:32,452 INFO o.a.j.e.StandardJMeterEngine: Thread will continue on error
2025-02-25 15:32:32,452 INFO o.a.j.t.ThreadGroup: Starting thread group... number=1 threads=2 ramp-up=1 delayedStart=false
2025-02-25 15:32:32,461 INFO o.a.j.t.ThreadGroup: Started thread group number 1
2025-02-25 15:32:32,461 INFO o.a.j.e.StandardJMeterEngine: All thread groups have been started
2025-02-25 15:32:32,468 INFO o.a.j.t.JMeterThread: Thread started: Thread Group 1-1
2025-02-25 15:32:32,497 INFO o.a.j.p.h.s.HTTPHCAbstractImpl: Local host = SQA-Loadtest01
2025-02-25 15:32:32,507 INFO o.a.j.p.h.s.HTTPHC4Impl: HTTP request retry count = 0
2025-02-25 15:32:32,508 INFO o.a.j.s.SampleResult: Note: Sample TimeStamps are START times
2025-02-25 15:32:32,509 INFO o.a.j.s.SampleResult: sampleresult.default.encoding is set to UTF-8
2025-02-25 15:32:32,509 INFO o.a.j.s.SampleResult: sampleresult.useNanoTime=true
2025-02-25 15:32:32,509 INFO o.a.j.s.SampleResult: sampleresult.nanoThreadSleep=5000
2025-02-25 15:32:32,622 INFO o.a.j.p.h.s.h.LazyLayeredConnectionSocketFactory: Setting up HTTPS TrustAll Socket Factory
2025-02-25 15:32:32,633 INFO o.a.j.u.JsseSSLManager: Using default SSL protocol: TLS
2025-02-25 15:32:32,633 INFO o.a.j.u.JsseSSLManager: SSL session context: per-thread
2025-02-25 15:32:32,736 INFO o.a.j.u.SSLManager: JmeterKeyStore Location:  type JKS
2025-02-25 15:32:32,741 INFO o.a.j.u.SSLManager: KeyStore created OK
2025-02-25 15:32:32,741 WARN o.a.j.u.SSLManager: Keystore file not found, loading empty keystore
2025-02-25 15:32:32,961 INFO o.a.j.t.JMeterThread: Thread started: Thread Group 1-2
2025-02-25 15:32:33,144 INFO o.a.j.t.JMeterThread: Thread is done: Thread Group 1-2
2025-02-25 15:32:33,144 INFO o.a.j.t.JMeterThread: Thread finished: Thread Group 1-2
2025-02-25 15:32:33,146 INFO o.a.j.r.Summariser: summary +      1 in 00:00:01 =    1.4/s Avg:   543 Min:   543 Max:   543 Err:     0 (0.00%) Active: 2 Started: 2 Finished: 0
2025-02-25 15:32:33,146 INFO o.a.j.t.JMeterThread: Thread is done: Thread Group 1-1
2025-02-25 15:32:33,146 INFO o.a.j.t.JMeterThread: Thread finished: Thread Group 1-1
2025-02-25 15:32:33,147 INFO o.a.j.e.StandardJMeterEngine: Notifying test listeners of end of test
2025-02-25 15:32:33,147 INFO o.a.j.r.Summariser: summary +      1 in 00:00:00 =  333.3/s Avg:   172 Min:   172 Max:   172 Err:     0 (0.00%) Active: 0 Started: 2 Finished: 2
2025-02-25 15:32:33,147 INFO o.a.j.r.Summariser: summary =      2 in 00:00:01 =    2.8/s Avg:   357 Min:   172 Max:   543 Err:     0 (0.00%)
2025-02-25 15:32:33,147 INFO o.a.j.JMeter: Generating Dashboard
2025-02-25 15:32:33,147 INFO o.a.j.r.d.ReportGenerator: Flushing result collector before report Generation
2025-02-25 15:32:33,169 INFO o.a.j.r.p.NormalizerSampleConsumer: Using format, 'ms', to parse timeStamp field
2025-02-25 15:32:33,254 INFO o.a.j.r.p.AbstractSampleConsumer: class org.apache.jmeter.report.processor.AggregateConsumer#stopProducing(): beginDate produced 0 samples
2025-02-25 15:32:33,255 INFO o.a.j.r.p.AbstractSampleConsumer: class org.apache.jmeter.report.processor.AggregateConsumer#stopProducing(): endDate produced 0 samples
2025-02-25 15:32:33,257 INFO o.a.j.r.p.AbstractSampleConsumer: class org.apache.jmeter.report.processor.ApdexSummaryConsumer#stopProducing(): apdexSummary produced 0 samples
2025-02-25 15:32:33,257 INFO o.a.j.r.p.AbstractSampleConsumer: class org.apache.jmeter.report.processor.RequestsSummaryConsumer#stopProducing(): requestsSummary produced 0 samples
2025-02-25 15:32:33,266 INFO o.a.j.r.p.AbstractSampleConsumer: class org.apache.jmeter.report.processor.StatisticsSummaryConsumer#stopProducing(): statisticsSummary produced 0 samples
2025-02-25 15:32:33,269 INFO o.a.j.r.p.AbstractSampleConsumer: class org.apache.jmeter.report.processor.Top5ErrorsBySamplerConsumer#stopProducing(): top5ErrorsBySampler produced 0 samples
2025-02-25 15:32:33,269 INFO o.a.j.r.p.AbstractSampleConsumer: class org.apache.jmeter.report.processor.ErrorsSummaryConsumer#stopProducing(): errorsSummary produced 0 samples
2025-02-25 15:32:33,269 INFO o.a.j.r.p.AbstractSampleConsumer: class org.apache.jmeter.report.processor.graph.impl.HitsPerSecondGraphConsumer#stopProducing(): hitsPerSecond produced 0 samples
2025-02-25 15:32:33,288 INFO o.a.j.r.p.AbstractSampleConsumer: class org.apache.jmeter.report.processor.graph.impl.LatencyVSRequestGraphConsumer#stopProducing(): latencyVsRequest produced 0 samples
2025-02-25 15:32:33,288 INFO o.a.j.r.p.AbstractSampleConsumer: class org.apache.jmeter.report.processor.graph.impl.SyntheticResponseTimeDistributionGraphConsumer#stopProducing(): syntheticResponseTimeDistribution produced 0 samples
2025-02-25 15:32:33,288 INFO o.a.j.r.p.AbstractSampleConsumer: class org.apache.jmeter.report.processor.graph.impl.BytesThroughputGraphConsumer#stopProducing(): bytesThroughputOverTime produced 0 samples
2025-02-25 15:32:33,288 INFO o.a.j.r.p.AbstractSampleConsumer: class org.apache.jmeter.report.processor.graph.impl.CodesPerSecondGraphConsumer#stopProducing(): codesPerSecond produced 0 samples
2025-02-25 15:32:33,288 INFO o.a.j.r.p.AbstractSampleConsumer: class org.apache.jmeter.report.processor.graph.impl.ResponseTimeVSRequestGraphConsumer#stopProducing(): responseTimeVsRequest produced 0 samples
2025-02-25 15:32:33,288 INFO o.a.j.r.p.AbstractSampleConsumer: class org.apache.jmeter.report.processor.FilterConsumer#stopProducing(): startIntervalControlerFilter produced 14 samples
2025-02-25 15:32:33,288 INFO o.a.j.r.p.AbstractSampleConsumer: class org.apache.jmeter.report.processor.graph.impl.TotalTPSGraphConsumer#stopProducing(): totalTPS produced 0 samples
2025-02-25 15:32:33,288 INFO o.a.j.r.p.AbstractSampleConsumer: class org.apache.jmeter.report.processor.graph.impl.ActiveThreadsGraphConsumer#stopProducing(): activeThreadsOverTime produced 0 samples
2025-02-25 15:32:33,288 INFO o.a.j.r.p.AbstractSampleConsumer: class org.apache.jmeter.report.processor.graph.impl.TimeVSThreadGraphConsumer#stopProducing(): timeVsThreads produced 0 samples
2025-02-25 15:32:33,288 INFO o.a.j.r.p.AbstractSampleConsumer: class org.apache.jmeter.report.processor.graph.impl.ResponseTimeDistributionGraphConsumer#stopProducing(): responseTimeDistribution produced 0 samples
2025-02-25 15:32:33,288 INFO o.a.j.r.p.AbstractSampleConsumer: class org.apache.jmeter.report.processor.graph.impl.TransactionsPerSecondGraphConsumer#stopProducing(): transactionsPerSecond produced 0 samples
2025-02-25 15:32:33,304 INFO o.a.j.r.p.AbstractSampleConsumer: class org.apache.jmeter.report.processor.graph.impl.ResponseTimePercentilesGraphConsumer#stopProducing(): responseTimePercentiles produced 0 samples
2025-02-25 15:32:33,304 INFO o.a.j.r.p.AbstractSampleConsumer: class org.apache.jmeter.report.processor.graph.impl.ResponseTimePercentilesOverTimeGraphConsumer#stopProducing(): responseTimePercentilesOverTime produced 0 samples
2025-02-25 15:32:33,304 INFO o.a.j.r.p.AbstractSampleConsumer: class org.apache.jmeter.report.processor.graph.impl.ResponseTimeOverTimeGraphConsumer#stopProducing(): responseTimesOverTime produced 0 samples
2025-02-25 15:32:33,304 INFO o.a.j.r.p.AbstractSampleConsumer: class org.apache.jmeter.report.processor.graph.impl.ConnectTimeOverTimeGraphConsumer#stopProducing(): connectTimeOverTime produced 0 samples
2025-02-25 15:32:33,304 INFO o.a.j.r.p.AbstractSampleConsumer: class org.apache.jmeter.report.processor.graph.impl.LatencyOverTimeGraphConsumer#stopProducing(): latenciesOverTime produced 0 samples
2025-02-25 15:32:33,304 INFO o.a.j.r.p.AbstractSampleConsumer: class org.apache.jmeter.report.processor.FilterConsumer#stopProducing(): nameFilter produced 30 samples
2025-02-25 15:32:33,304 INFO o.a.j.r.p.AbstractSampleConsumer: class org.apache.jmeter.report.processor.FilterConsumer#stopProducing(): dateRangeFilter produced 6 samples
2025-02-25 15:32:33,304 INFO o.a.j.r.p.AbstractSampleConsumer: class org.apache.jmeter.report.processor.NormalizerSampleConsumer#stopProducing(): normalizer produced 2 samples
2025-02-25 15:32:33,304 INFO o.a.j.r.p.CsvFileSampleSource: produce(): 2 samples produced in 92ms on channel 0
2025-02-25 15:32:33,304 INFO o.a.j.r.d.ReportGenerator: Exporting data using exporter:'json' of className:'org.apache.jmeter.report.dashboard.JsonExporter'
2025-02-25 15:32:33,501 INFO o.a.j.r.d.JsonExporter: Found data for consumer statisticsSummary in context
2025-02-25 15:32:33,501 INFO o.a.j.r.d.JsonExporter: Creating statistics for overall
2025-02-25 15:32:33,502 INFO o.a.j.r.d.JsonExporter: Creating statistics for other transactions
2025-02-25 15:32:33,502 INFO o.a.j.r.d.JsonExporter: Checking output folder
2025-02-25 15:32:33,503 INFO o.a.j.r.d.JsonExporter: Writing statistics JSON to C:\New folder\templateJmeter\report\25-02-25\template-2-1\statistics.json
2025-02-25 15:32:33,568 INFO o.a.j.r.d.ReportGenerator: Exporting data using exporter:'html' of className:'org.apache.jmeter.report.dashboard.HtmlTemplateExporter'
2025-02-25 15:32:33,573 INFO o.a.j.r.d.HtmlTemplateExporter: Will generate dashboard in folder: C:\New folder\templateJmeter\report\25-02-25\template-2-1
2025-02-25 15:32:33,733 INFO o.a.j.r.d.HtmlTemplateExporter: Report will be generated in: C:\New folder\templateJmeter\report\25-02-25\template-2-1, creating folder structure
2025-02-25 15:32:33,737 INFO o.a.j.r.d.TemplateVisitor: Copying folder from 'C:\apache-jmeter-5.6.2\bin\report-template' to 'C:\New folder\templateJmeter\report\25-02-25\template-2-1', got message: C:\New folder\templateJmeter\report\25-02-25\template-2-1, found non empty folder with following content [C:\New folder\templateJmeter\report\25-02-25\template-2-1\results.jtl, C:\New folder\templateJmeter\report\25-02-25\template-2-1\statistics.json], will be ignored
2025-02-25 15:32:34,417 INFO o.a.j.JMeter: Dashboard generated
